[debug] [2019-03-30T19:38:03.096Z] ----------------------------------------------------------------------
[debug] [2019-03-30T19:38:03.099Z] Command:       /usr/bin/node /usr/local/bin/firebase deploy -P default
[debug] [2019-03-30T19:38:03.099Z] CLI Version:   6.5.0
[debug] [2019-03-30T19:38:03.099Z] Platform:      linux
[debug] [2019-03-30T19:38:03.099Z] Node Version:  v8.11.4
[debug] [2019-03-30T19:38:03.099Z] Time:          Sun Mar 31 2019 01:08:03 GMT+0530 (IST)
[debug] [2019-03-30T19:38:03.099Z] ----------------------------------------------------------------------
[debug] 
[debug] [2019-03-30T19:38:03.107Z] > command requires scopes: ["email","openid","https://www.googleapis.com/auth/cloudplatformprojects.readonly","https://www.googleapis.com/auth/firebase","https://www.googleapis.com/auth/cloud-platform"]
[debug] [2019-03-30T19:38:03.107Z] > authorizing via signed-in user
[debug] [2019-03-30T19:38:03.107Z] [iam] checking project coin-trade-59f69 for permissions ["cloudfunctions.functions.create","cloudfunctions.functions.delete","cloudfunctions.functions.get","cloudfunctions.functions.list","cloudfunctions.functions.update","cloudfunctions.operations.get","datastore.indexes.create","datastore.indexes.delete","datastore.indexes.list","datastore.indexes.update","firebase.projects.get","firebasedatabase.instances.update","firebasehosting.sites.update","firebaserules.releases.create","firebaserules.releases.update","firebaserules.rulesets.create"]
[debug] [2019-03-30T19:38:03.109Z] >>> HTTP REQUEST POST https://cloudresourcemanager.googleapis.com/v1/projects/coin-trade-59f69:testIamPermissions  

[debug] [2019-03-30T19:38:04.896Z] <<< HTTP RESPONSE 200
[debug] [2019-03-30T19:38:04.901Z] >>> HTTP REQUEST GET https://firebase.googleapis.com/v1beta1/projects/coin-trade-59f69  
 
[debug] [2019-03-30T19:38:05.364Z] <<< HTTP RESPONSE 200
[info] 
[info] === Deploying to 'coin-trade-59f69'...
[info] 
[info] i  deploying database, storage, firestore, functions, hosting
[info] Running command: npm --prefix "$RESOURCE_DIR" run lint
[info] Running command: npm --prefix "$RESOURCE_DIR" run build
[info] ✔  functions: Finished running predeploy script.
[info] i  database: checking rules syntax...
[debug] [2019-03-30T19:38:24.028Z] >>> HTTP REQUEST PUT https://coin-trade-59f69.firebaseio.com/.settings/rules.json?dryRun=true  
 {
  "rules": {
    ".read": "true",
    ".write": "true"
  }
}
[debug] [2019-03-30T19:38:25.284Z] <<< HTTP RESPONSE 200
[info] ✔  database: rules syntax for database coin-trade-59f69 is valid
[debug] [2019-03-30T19:38:25.287Z] >>> HTTP REQUEST GET https://appengine.googleapis.com/v1/apps/coin-trade-59f69  
 
[debug] [2019-03-30T19:38:27.412Z] <<< HTTP RESPONSE 200
[info] i  storage: checking storage.rules for compilation errors...
[debug] [2019-03-30T19:38:27.413Z] >>> HTTP REQUEST POST https://firebaserules.googleapis.com/v1/projects/coin-trade-59f69:test  

[debug] [2019-03-30T19:38:28.954Z] <<< HTTP RESPONSE 200
[info] ✔  storage: rules file storage.rules compiled successfully
[info] i  firestore: checking firestore.rules for compilation errors...
[info] i  firestore: reading indexes from firestore.indexes.json...
[debug] [2019-03-30T19:38:28.960Z] >>> HTTP REQUEST POST https://firebaserules.googleapis.com/v1/projects/coin-trade-59f69:test  

[debug] [2019-03-30T19:38:30.395Z] <<< HTTP RESPONSE 200
[info] ✔  firestore: rules file firestore.rules compiled successfully
[debug] [2019-03-30T19:38:30.400Z] > [functions] package.json contents: {
  "name": "functions",
  "scripts": {
    "lint": "tslint --project tsconfig.json",
    "build": "tsc",
    "serve": "npm run build && firebase serve --only functions",
    "shell": "npm run build && firebase functions:shell",
    "start": "npm run shell",
    "deploy": "firebase deploy --only functions",
    "logs": "firebase functions:log"
  },
  "main": "lib/index.js",
  "dependencies": {
    "firebase-admin": "~7.0.0",
    "firebase-functions": "^2.2.0"
  },
  "devDependencies": {
    "@types/nodemailer": "^4.6.7",
    "tslint": "^5.12.0",
    "typescript": "^3.2.2"
  },
  "private": true
}
[info] i  functions: ensuring necessary APIs are enabled...
[debug] [2019-03-30T19:38:30.401Z] >>> HTTP REQUEST GET https://servicemanagement.googleapis.com/v1/services/cloudfunctions.googleapis.com/projectSettings/coin-trade-59f69?view=CONSUMER_VIEW  
 
[debug] [2019-03-30T19:38:30.402Z] >>> HTTP REQUEST GET https://servicemanagement.googleapis.com/v1/services/runtimeconfig.googleapis.com/projectSettings/coin-trade-59f69?view=CONSUMER_VIEW  
 
[debug] [2019-03-30T19:38:32.882Z] <<< HTTP RESPONSE 200
[debug] [2019-03-30T19:38:32.995Z] <<< HTTP RESPONSE 200
[info] ✔  functions: all necessary APIs are enabled
[debug] [2019-03-30T19:38:32.996Z] >>> HTTP REQUEST GET https://cloudresourcemanager.googleapis.com/v1/projects/coin-trade-59f69  
 
[debug] [2019-03-30T19:38:34.712Z] <<< HTTP RESPONSE 200
[debug] [2019-03-30T19:38:34.713Z] >>> HTTP REQUEST GET https://mobilesdk-pa.googleapis.com/v1/projects/919835743903:getServerAppConfig  
 
[debug] [2019-03-30T19:38:35.128Z] <<< HTTP RESPONSE 200
[debug] [2019-03-30T19:38:35.131Z] >>> HTTP REQUEST POST https://firebasehosting.googleapis.com/v1beta1/sites/coin-trade-59f69/versions  

